<?xml version="1.0" encoding="UTF-8" standalone="no"?>
<testsuite errors="0" failures="6" name="io.cucumber.core.plugin.JUnitFormatter" skipped="0" tests="19" time="164.149">
<testcase classname="F01_Registration | guest user could create new account" name="user could create new account with valid data" time="10.618">
<failure message="no such element: Unable to locate element: {&quot;method&quot;:&quot;css selector&quot;,&quot;selector&quot;:&quot;div[class='result']&quot;}&#10;  (Session info: chrome=110.0.5481.77)&#10;For documentation on this error, please visit: https://selenium.dev/exceptions/#no_such_element&#10;Build info: version: '4.3.0', revision: 'a4995e2c09*'&#10;System info: host: 'ATAHAHUSSAIN', ip: '192.168.1.35', os.name: 'Windows 10', os.arch: 'amd64', os.version: '10.0', java.version: '1.8.0_361'&#10;Driver info: org.openqa.selenium.chrome.ChromeDriver&#10;Command: [49bc73b74ad3f6b5bdf50c9f64ce7f2c, findElement {using=css selector, value=div[class='result']}]&#10;Capabilities {acceptInsecureCerts: false, browserName: chrome, browserVersion: 110.0.5481.77, chrome: {chromedriverVersion: 110.0.5481.77 (65ed616c6e8e..., userDataDir: C:\Users\ATAHAH~1\AppData\L...}, goog:chromeOptions: {debuggerAddress: localhost:61875}, networkConnectionEnabled: false, pageLoadStrategy: normal, platformName: WINDOWS, proxy: Proxy(), se:cdp: ws://localhost:61875/devtoo..., se:cdpVersion: 110.0.5481.77, setWindowRect: true, strictFileInteractability: false, timeouts: {implicit: 0, pageLoad: 300000, script: 30000}, unhandledPromptBehavior: dismiss and notify, webauthn:extension:credBlob: true, webauthn:extension:largeBlob: true, webauthn:virtualAuthenticators: true}&#10;Session ID: 49bc73b74ad3f6b5bdf50c9f64ce7f2c" type="org.openqa.selenium.NoSuchElementException"><![CDATA[Given user go to register page..............................................passed
When user select gender type................................................passed
And user enter first name "Automation" and last name "Tester"...............passed
And user enter date of birth................................................passed
And user enter email "test@example.com" field...............................passed
And user fills Password Fields "P@ssw0rd"...................................passed
And user clicks on register button..........................................passed
Then success message is displayed...........................................failed

StackTrace:
org.openqa.selenium.NoSuchElementException: no such element: Unable to locate element: {"method":"css selector","selector":"div[class='result']"}
  (Session info: chrome=110.0.5481.77)
For documentation on this error, please visit: https://selenium.dev/exceptions/#no_such_element
Build info: version: '4.3.0', revision: 'a4995e2c09*'
System info: host: 'ATAHAHUSSAIN', ip: '192.168.1.35', os.name: 'Windows 10', os.arch: 'amd64', os.version: '10.0', java.version: '1.8.0_361'
Driver info: org.openqa.selenium.chrome.ChromeDriver
Command: [49bc73b74ad3f6b5bdf50c9f64ce7f2c, findElement {using=css selector, value=div[class='result']}]
Capabilities {acceptInsecureCerts: false, browserName: chrome, browserVersion: 110.0.5481.77, chrome: {chromedriverVersion: 110.0.5481.77 (65ed616c6e8e..., userDataDir: C:\Users\ATAHAH~1\AppData\L...}, goog:chromeOptions: {debuggerAddress: localhost:61875}, networkConnectionEnabled: false, pageLoadStrategy: normal, platformName: WINDOWS, proxy: Proxy(), se:cdp: ws://localhost:61875/devtoo..., se:cdpVersion: 110.0.5481.77, setWindowRect: true, strictFileInteractability: false, timeouts: {implicit: 0, pageLoad: 300000, script: 30000}, unhandledPromptBehavior: dismiss and notify, webauthn:extension:credBlob: true, webauthn:extension:largeBlob: true, webauthn:virtualAuthenticators: true}
Session ID: 49bc73b74ad3f6b5bdf50c9f64ce7f2c
	at sun.reflect.NativeConstructorAccessorImpl.newInstance0(Native Method)
	at sun.reflect.NativeConstructorAccessorImpl.newInstance(NativeConstructorAccessorImpl.java:62)
	at sun.reflect.DelegatingConstructorAccessorImpl.newInstance(DelegatingConstructorAccessorImpl.java:45)
	at java.lang.reflect.Constructor.newInstance(Constructor.java:423)
	at org.openqa.selenium.remote.codec.w3c.W3CHttpResponseCodec.createException(W3CHttpResponseCodec.java:200)
	at org.openqa.selenium.remote.codec.w3c.W3CHttpResponseCodec.decode(W3CHttpResponseCodec.java:133)
	at org.openqa.selenium.remote.codec.w3c.W3CHttpResponseCodec.decode(W3CHttpResponseCodec.java:53)
	at org.openqa.selenium.remote.HttpCommandExecutor.execute(HttpCommandExecutor.java:184)
	at org.openqa.selenium.remote.service.DriverCommandExecutor.invokeExecute(DriverCommandExecutor.java:167)
	at org.openqa.selenium.remote.service.DriverCommandExecutor.execute(DriverCommandExecutor.java:142)
	at org.openqa.selenium.remote.RemoteWebDriver.execute(RemoteWebDriver.java:569)
	at org.openqa.selenium.remote.ElementLocation$ElementFinder$2.findElement(ElementLocation.java:162)
	at org.openqa.selenium.remote.ElementLocation.findElement(ElementLocation.java:60)
	at org.openqa.selenium.remote.RemoteWebDriver.findElement(RemoteWebDriver.java:387)
	at org.openqa.selenium.remote.RemoteWebDriver.findElement(RemoteWebDriver.java:379)
	at org.openqa.selenium.support.pagefactory.DefaultElementLocator.findElement(DefaultElementLocator.java:70)
	at org.openqa.selenium.support.pagefactory.internal.LocatingElementHandler.invoke(LocatingElementHandler.java:39)
	at com.sun.proxy.$Proxy26.getCssValue(Unknown Source)
	at org.example.stepDefs.D01_RegStepDef.successMessageIsDisplayed(D01_RegStepDef.java:72)
	at ✽.success message is displayed(file:///C:/Users/Atahahussein/IdeaProjects/Ecommerce_Project/src/main/resources/features/F01_Registeration.feature:15)
]]></failure>
</testcase>
<testcase classname="F02_Login | users could use login functionality to use their accounts" name="user could  login with valid email and password" time="8.812">
<system-out><![CDATA[Given user go to login page.................................................passed
When user login with "valid" "test@example.com" and "P@ssw0rd"..............passed
And user press on login button..............................................passed
Then user login to the system successfully..................................passed
]]></system-out>
</testcase>
<testcase classname="F02_Login | users could use login functionality to use their accounts" name="user could login with invalid email and password" time="8.086">
<system-out><![CDATA[Given user go to login page.................................................passed
When user login with "invalid" "wrong@example.com" and "P@ssw0rd"...........passed
And user press on login button..............................................passed
Then user could not login to the system.....................................passed
]]></system-out>
</testcase>
<testcase classname="F03_currencies | user select the currency" name="user select the currency" time="7.746">
<system-out><![CDATA[When user clicks on the currencies list.....................................passed
And user choose Euro currency...............................................passed
Then all displayed objects prices are in euros..............................passed
]]></system-out>
</testcase>
<testcase classname="User Search Feature" name="User could search using product name" time="8.66">
<failure message="expected [true] but found [false]" type="java.lang.AssertionError"><![CDATA[When user enter Search item name as "book"..................................passed
Then displayed objects contains the search word "book"......................failed

StackTrace:
java.lang.AssertionError: expected [true] but found [false]
	at org.testng.Assert.fail(Assert.java:110)
	at org.testng.Assert.failNotEquals(Assert.java:1413)
	at org.testng.Assert.assertTrue(Assert.java:56)
	at org.testng.Assert.assertTrue(Assert.java:66)
	at org.example.stepDefs.D04_searchStepDef.displayedObjectsContainsTheSearchWord(D04_searchStepDef.java:37)
	at ✽.displayed objects contains the search word "book"(file:///C:/Users/Atahahussein/IdeaProjects/Ecommerce_Project/src/main/resources/features/F04_Search.feature:10)
]]></failure>
</testcase>
<testcase classname="User Search Feature" name="User could search using product name 2" time="7.737">
<system-out><![CDATA[When user enter Search item name as "laptop"................................passed
Then displayed objects contains the search word "laptop"....................passed
]]></system-out>
</testcase>
<testcase classname="User Search Feature" name="User could search using product name 3" time="7.692">
<system-out><![CDATA[When user enter Search item name as "nike"..................................passed
Then displayed objects contains the search word "nike"......................passed
]]></system-out>
</testcase>
<testcase classname="User Search Feature" name="User could search using aku name" time="11.244">
<system-out><![CDATA[When user enter Search item name as "SCI_FAITH".............................passed
When user click on the item.................................................passed
Then displayed objects contains the sku word "SCI_FAITH"....................passed
]]></system-out>
</testcase>
<testcase classname="User Search Feature" name="User could search using aku name 2" time="9.035">
<system-out><![CDATA[When user enter Search item name as "APPLE_CAM".............................passed
When user click on the item.................................................passed
Then displayed objects contains the sku word "APPLE_CAM"....................passed
]]></system-out>
</testcase>
<testcase classname="User Search Feature" name="User could search using aku name 3" time="8.576">
<system-out><![CDATA[When user enter Search item name as "SF_PRO_11".............................passed
When user click on the item.................................................passed
Then displayed objects contains the sku word "SF_PRO_11"....................passed
]]></system-out>
</testcase>
<testcase classname="HoverCategories Feature" name="User choose random main category" time="8.234">
<system-out><![CDATA[When user hover choosing 1 of 3 main categories.............................passed
And user hover chossing 1 of 3 sub-categories...............................passed
Then user checks that the expected page is right............................passed
]]></system-out>
</testcase>
<testcase classname="user clicks the slider" name="user clicks the slider" time="7.234">
<failure message="expected [https://demo.nopcommerce.com/iphone-6] but found [https://demo.nopcommerce.com/]" type="java.lang.AssertionError"><![CDATA[When user click the iphone slider...........................................passed
Then Url navigate to the iphone slider product..............................failed

StackTrace:
java.lang.AssertionError: expected [https://demo.nopcommerce.com/iphone-6] but found [https://demo.nopcommerce.com/]
	at org.testng.Assert.fail(Assert.java:110)
	at org.testng.Assert.failNotEquals(Assert.java:1413)
	at org.testng.Assert.assertEqualsImpl(Assert.java:149)
	at org.testng.Assert.assertEquals(Assert.java:131)
	at org.testng.Assert.assertEquals(Assert.java:655)
	at org.testng.Assert.assertEquals(Assert.java:665)
	at org.example.stepDefs.D06_homeSlidersStepDef.urlNavigateToTheIphoneSliderProduct(D06_homeSlidersStepDef.java:29)
	at ✽.Url navigate to the iphone slider product(file:///C:/Users/Atahahussein/IdeaProjects/Ecommerce_Project/src/main/resources/features/F06_homeSliders.feature:8)
]]></failure>
</testcase>
<testcase classname="user clicks the slider" name="user clicks the  nokia slider" time="7.379">
<failure message="expected [https://demo.nopcommerce.com/nokia-lumia-1020] but found [https://demo.nopcommerce.com/]" type="java.lang.AssertionError"><![CDATA[When user click the nokia slider............................................passed
Then Url navigate to the nokia slider product...............................failed

StackTrace:
java.lang.AssertionError: expected [https://demo.nopcommerce.com/nokia-lumia-1020] but found [https://demo.nopcommerce.com/]
	at org.testng.Assert.fail(Assert.java:110)
	at org.testng.Assert.failNotEquals(Assert.java:1413)
	at org.testng.Assert.assertEqualsImpl(Assert.java:149)
	at org.testng.Assert.assertEquals(Assert.java:131)
	at org.testng.Assert.assertEquals(Assert.java:655)
	at org.testng.Assert.assertEquals(Assert.java:665)
	at org.example.stepDefs.D06_homeSlidersStepDef.urlNavigateToTheNokiaSliderProduct(D06_homeSlidersStepDef.java:46)
	at ✽.Url navigate to the nokia slider product(file:///C:/Users/Atahahussein/IdeaProjects/Ecommerce_Project/src/main/resources/features/F06_homeSliders.feature:13)
]]></failure>
</testcase>
<testcase classname="follow Us Scenarios" name="users opens facebook link" time="8.736">
<system-out><![CDATA[When user click on the facebook button......................................passed
Then Url navigate to facebook "https://www.facebook.com/nopCommerce"........passed
]]></system-out>
</testcase>
<testcase classname="follow Us Scenarios" name="user opens twitter link" time="9.951">
<system-out><![CDATA[When user click on the twitter button.......................................passed
Then Url navigate to twitter "https://twitter.com/nopCommerce"..............passed
]]></system-out>
</testcase>
<testcase classname="follow Us Scenarios" name="user opens rss link" time="8.98">
<failure message="expected [https://demo.nopcommerce.com/new-online-store-is-open] but found [https://demo.nopcommerce.com/news/rss/1]" type="java.lang.AssertionError"><![CDATA[When user click on the rss button...........................................passed
Then Url navigate to rss link "https://demo.nopcommerce.com/new-online-store-is-open".failed

StackTrace:
java.lang.AssertionError: expected [https://demo.nopcommerce.com/new-online-store-is-open] but found [https://demo.nopcommerce.com/news/rss/1]
	at org.testng.Assert.fail(Assert.java:110)
	at org.testng.Assert.failNotEquals(Assert.java:1413)
	at org.testng.Assert.assertEqualsImpl(Assert.java:149)
	at org.testng.Assert.assertEquals(Assert.java:131)
	at org.testng.Assert.assertEquals(Assert.java:655)
	at org.testng.Assert.assertEquals(Assert.java:665)
	at org.example.stepDefs.D07_followUsStepDef.urlNavigateToRssLink(D07_followUsStepDef.java:62)
	at ✽.Url navigate to rss link "https://demo.nopcommerce.com/new-online-store-is-open"(file:///C:/Users/Atahahussein/IdeaProjects/Ecommerce_Project/src/main/resources/features/F07_followUs.feature:11)
]]></failure>
</testcase>
<testcase classname="follow Us Scenarios" name="user opens youtube link" time="9.336">
<system-out><![CDATA[When user click on the youtube button.......................................passed
Then Url navigate to the youtube link "https://www.youtube.com/user/nopCommerce".passed
]]></system-out>
</testcase>
<testcase classname="Wishlist Feature" name="wishlist HTC success notification" time="6.789">
<failure message="The following asserts failed:&#10;&#9;expected [#4bb07a] but found [#ffffff]" type="java.lang.AssertionError"><![CDATA[When user click on wishlist button on HTC...................................passed
Then Notification success message appeare in green color "#4bb07a"..........failed

StackTrace:
java.lang.AssertionError: The following asserts failed:
	expected [#4bb07a] but found [#ffffff]
	at org.testng.asserts.SoftAssert.assertAll(SoftAssert.java:46)
	at org.testng.asserts.SoftAssert.assertAll(SoftAssert.java:30)
	at org.example.stepDefs.D08_WishlistStepDef.notificationSuccessMessageAppeareInGreenColor(D08_WishlistStepDef.java:35)
	at ✽.Notification success message appeare in green color "#4bb07a"(file:///C:/Users/Atahahussein/IdeaProjects/Ecommerce_Project/src/main/resources/features/F08_Wishlist.feature:6)
]]></failure>
</testcase>
<testcase classname="Wishlist Feature" name="opening wishlist to check the count" time="8.952">
<system-out><![CDATA[When user click on wishlist button on HTC...................................passed
When user closes notification and click on wishlist.........................passed
Then check that qty is more than 0..........................................passed
]]></system-out>
</testcase>
</testsuite>
